0 info it worked if it ends with ok
1 verbose cli [ '/usr/local/bin/node',
1 verbose cli   '/usr/local/bin/npm',
1 verbose cli   'install',
1 verbose cli   'steroids',
1 verbose cli   '-g' ]
2 info using npm@1.3.11
3 info using node@v0.10.21
4 verbose cache add [ 'steroids', null ]
5 verbose cache add name=undefined spec="steroids" args=["steroids",null]
6 verbose parsed url { protocol: null,
6 verbose parsed url   slashes: null,
6 verbose parsed url   auth: null,
6 verbose parsed url   host: null,
6 verbose parsed url   port: null,
6 verbose parsed url   hostname: null,
6 verbose parsed url   hash: null,
6 verbose parsed url   search: null,
6 verbose parsed url   query: null,
6 verbose parsed url   pathname: 'steroids',
6 verbose parsed url   path: 'steroids',
6 verbose parsed url   href: 'steroids' }
7 silly lockFile ef7ce97f-steroids steroids
8 verbose lock steroids /Users/ywarezk/.npm/ef7ce97f-steroids.lock
9 silly lockFile ef7ce97f-steroids steroids
10 silly lockFile ef7ce97f-steroids steroids
11 verbose addNamed [ 'steroids', '' ]
12 verbose addNamed [ null, '*' ]
13 silly lockFile 2ee5ed33-steroids steroids@
14 verbose lock steroids@ /Users/ywarezk/.npm/2ee5ed33-steroids.lock
15 silly addNameRange { name: 'steroids', range: '*', hasData: false }
16 verbose url raw steroids
17 verbose url resolving [ 'https://registry.npmjs.org/', './steroids' ]
18 verbose url resolved https://registry.npmjs.org/steroids
19 info trying registry request attempt 1 at 09:25:24
20 verbose etag "55POC7Y7NH7JAUDBA4UKUR00Q"
21 http GET https://registry.npmjs.org/steroids
22 http 304 https://registry.npmjs.org/steroids
23 silly registry.get cb [ 304,
23 silly registry.get   { server: 'CouchDB/1.3.1 (Erlang OTP/R15B03)',
23 silly registry.get     etag: '"55POC7Y7NH7JAUDBA4UKUR00Q"',
23 silly registry.get     date: 'Wed, 20 Nov 2013 07:26:10 GMT',
23 silly registry.get     'content-length': '0' } ]
24 verbose etag steroids from cache
25 silly addNameRange number 2 { name: 'steroids', range: '*', hasData: true }
26 silly addNameRange versions [ 'steroids',
26 silly addNameRange   [ '0.0.1',
26 silly addNameRange     '0.1.0',
26 silly addNameRange     '0.1.1',
26 silly addNameRange     '0.2.0',
26 silly addNameRange     '0.2.1',
26 silly addNameRange     '0.2.2',
26 silly addNameRange     '0.2.3',
26 silly addNameRange     '0.2.4',
26 silly addNameRange     '0.2.5',
26 silly addNameRange     '0.2.6',
26 silly addNameRange     '0.2.7',
26 silly addNameRange     '0.2.8',
26 silly addNameRange     '0.2.9',
26 silly addNameRange     '0.3.0',
26 silly addNameRange     '0.4.0',
26 silly addNameRange     '0.4.1',
26 silly addNameRange     '0.4.2',
26 silly addNameRange     '0.4.3',
26 silly addNameRange     '0.5.0',
26 silly addNameRange     '0.5.1',
26 silly addNameRange     '0.5.2',
26 silly addNameRange     '0.5.3',
26 silly addNameRange     '0.5.5',
26 silly addNameRange     '0.5.6',
26 silly addNameRange     '0.5.7',
26 silly addNameRange     '0.5.8',
26 silly addNameRange     '0.6.0',
26 silly addNameRange     '0.6.1',
26 silly addNameRange     '0.6.2',
26 silly addNameRange     '0.6.3',
26 silly addNameRange     '0.6.4',
26 silly addNameRange     '0.6.5',
26 silly addNameRange     '0.6.6',
26 silly addNameRange     '0.6.7',
26 silly addNameRange     '0.6.8',
26 silly addNameRange     '0.6.9',
26 silly addNameRange     '0.6.10',
26 silly addNameRange     '0.6.11',
26 silly addNameRange     '0.6.12',
26 silly addNameRange     '0.6.13',
26 silly addNameRange     '0.6.14',
26 silly addNameRange     '0.6.15',
26 silly addNameRange     '0.6.16',
26 silly addNameRange     '0.6.18',
26 silly addNameRange     '0.6.20',
26 silly addNameRange     '0.6.21',
26 silly addNameRange     '0.6.22',
26 silly addNameRange     '0.6.23',
26 silly addNameRange     '0.6.24',
26 silly addNameRange     '0.6.25',
26 silly addNameRange     '0.6.26',
26 silly addNameRange     '0.7.0',
26 silly addNameRange     '0.7.1',
26 silly addNameRange     '0.7.2',
26 silly addNameRange     '0.7.3',
26 silly addNameRange     '0.8.0',
26 silly addNameRange     '0.8.1',
26 silly addNameRange     '0.9.0',
26 silly addNameRange     '0.9.1',
26 silly addNameRange     '0.9.2',
26 silly addNameRange     '0.9.3',
26 silly addNameRange     '0.9.4',
26 silly addNameRange     '0.9.5',
26 silly addNameRange     '0.9.6',
26 silly addNameRange     '0.9.7',
26 silly addNameRange     '0.9.8',
26 silly addNameRange     '0.9.9',
26 silly addNameRange     '0.9.10',
26 silly addNameRange     '0.10.0',
26 silly addNameRange     '0.10.1',
26 silly addNameRange     '0.10.2',
26 silly addNameRange     '0.10.3',
26 silly addNameRange     '0.10.4',
26 silly addNameRange     '0.10.5',
26 silly addNameRange     '0.10.6',
26 silly addNameRange     '0.10.7',
26 silly addNameRange     '0.10.8',
26 silly addNameRange     '0.10.9',
26 silly addNameRange     '0.10.10',
26 silly addNameRange     '0.10.11',
26 silly addNameRange     '0.10.12',
26 silly addNameRange     '0.10.13',
26 silly addNameRange     '0.10.14',
26 silly addNameRange     '0.10.15',
26 silly addNameRange     '0.10.16',
26 silly addNameRange     '0.10.17',
26 silly addNameRange     '2.7.0',
26 silly addNameRange     '2.7.1',
26 silly addNameRange     '2.7.2',
26 silly addNameRange     '2.7.3',
26 silly addNameRange     '2.7.4',
26 silly addNameRange     '2.7.5',
26 silly addNameRange     '2.7.6',
26 silly addNameRange     '2.7.7',
26 silly addNameRange     '2.7.8',
26 silly addNameRange     '2.7.9',
26 silly addNameRange     '2.7.10',
26 silly addNameRange     '2.7.11',
26 silly addNameRange     '2.7.12',
26 silly addNameRange     '2.7.13',
26 silly addNameRange     '2.7.14',
26 silly addNameRange     '2.7.15',
26 silly addNameRange     '2.7.16',
26 silly addNameRange     '2.7.17',
26 silly addNameRange     '2.7.18',
26 silly addNameRange     '2.7.19',
26 silly addNameRange     '2.7.20',
26 silly addNameRange     '2.7.21',
26 silly addNameRange     '2.7.22',
26 silly addNameRange     '2.7.23',
26 silly addNameRange     '2.7.24',
26 silly addNameRange     '2.7.25',
26 silly addNameRange     '2.7.26',
26 silly addNameRange     '2.7.27',
26 silly addNameRange     '2.7.28',
26 silly addNameRange     '2.7.29',
26 silly addNameRange     '2.7.30',
26 silly addNameRange     '2.7.31',
26 silly addNameRange     '2.7.32',
26 silly addNameRange     '2.7.33',
26 silly addNameRange     '2.7.34',
26 silly addNameRange     '2.7.35',
26 silly addNameRange     '2.7.36',
26 silly addNameRange     '2.7.37',
26 silly addNameRange     '2.7.38' ] ]
27 verbose addNamed [ 'steroids', '2.7.38' ]
28 verbose addNamed [ '2.7.38', '2.7.38' ]
29 silly lockFile d9fa7a85-steroids-2-7-38 steroids@2.7.38
30 verbose lock steroids@2.7.38 /Users/ywarezk/.npm/d9fa7a85-steroids-2-7-38.lock
31 silly lockFile d9fa7a85-steroids-2-7-38 steroids@2.7.38
32 silly lockFile d9fa7a85-steroids-2-7-38 steroids@2.7.38
33 silly lockFile 2ee5ed33-steroids steroids@
34 silly lockFile 2ee5ed33-steroids steroids@
35 silly resolved [ { name: 'steroids',
35 silly resolved     version: '2.7.38',
35 silly resolved     preferGlobal: 'true',
35 silly resolved     license: 'MIT',
35 silly resolved     author: { name: 'AppGyver', email: 'contact@appgyver.com' },
35 silly resolved     description: 'AppGyver Steroids command line interface',
35 silly resolved     contributors: [ [Object], [Object], [Object], [Object], [Object] ],
35 silly resolved     main: './src/main.js',
35 silly resolved     bin: { steroids: './bin/steroids' },
35 silly resolved     scripts:
35 silly resolved      { test: './bin/test',
35 silly resolved        preinstall: 'node ./bin/check-node-version && node ./bin/preinstall',
35 silly resolved        install: 'node ./bin/install',
35 silly resolved        preupdate: 'node ./bin/check-node-version' },
35 silly resolved     keywords:
35 silly resolved      [ 'steroids.js',
35 silly resolved        'appgyver',
35 silly resolved        'client',
35 silly resolved        'cli',
35 silly resolved        'phonegap',
35 silly resolved        'cordova' ],
35 silly resolved     repository: { type: 'git', url: 'git://github.com/AppGyver/steroids.git' },
35 silly resolved     engines: { node: '>=0.10.17', npm: '>=1.3.8' },
35 silly resolved     dependencies:
35 silly resolved      { archiver: '0.4.x',
35 silly resolved        async: '0.2.x',
35 silly resolved        bower: '1.2.x',
35 silly resolved        coffeelint: '0.5.x',
35 silly resolved        'coffee-script': '1.6.x',
35 silly resolved        colorize: '0.1.x',
35 silly resolved        ejs: '0.8.x',
35 silly resolved        express: '3.3.x',
35 silly resolved        grunt: '0.4.x',
35 silly resolved        'node-sass': '0.6.x',
35 silly resolved        oauth: '0.9.x',
35 silly resolved        open: '0.0.x',
35 silly resolved        optimist: '0.6.x',
35 silly resolved        'path-extra': '0.1.x',
35 silly resolved        portscanner: '0.1.3',
35 silly resolved        prompt: '0.2.x',
35 silly resolved        'qrcode-terminal': '0.9.4',
35 silly resolved        request: '2.27.x',
35 silly resolved        restify: '2.6.x',
35 silly resolved        restler: '2.0.x',
35 silly resolved        'ripple-emulator': 'git://github.com/AppGyver/ripple-ui.git#00589a7ee448a6a2203d6c4a4715c55677751dc5',
35 silly resolved        semver: '2.1.x',
35 silly resolved        'steroids-simulators': 'http://appgyver.production.steroids.simulators.s3.amazonaws.com/steroids-simulators.tar.gz',
35 silly resolved        watchr: '2.4.x',
35 silly resolved        weinre: '2.0.0-pre-HH0SN197',
35 silly resolved        wrench: '1.5.x',
35 silly resolved        inquirer: '0.3.4',
35 silly resolved        rimraf: '~2.2.2',
35 silly resolved        karma: '0.10.1',
35 silly resolved        'karma-coffee-preprocessor': '0.1.0' },
35 silly resolved     devDependencies: { 'jasmine-node': '1.11.x' },
35 silly resolved     readme: 'AppGyver Steroids\n-----------------\n\nAppGyver Steroids is PhoneGap on Steroids, providing native UI elements, multiple WebViews and enhancements for better developer productivity.\n\n\n## Installation and requirements\n\n### Requirements\n\n* Node.js 0.10.x and npm package management http://nodejs.org/\n\n#### Windows\n\n* Git ( http://git-scm.com/downloads )\n* Python 2.7 or greater ( http://www.python.org/getit/ )\n\n#### OS X\n\n* Xcode and command-line tools (Mac app store)\n* Git with homebrew or git Mac installer (if using the installer, remember to includ git in your $PATH)\n* Python 2.7 or greater (preinstalled on OS X Lion and newer)\n\n#### Linux\n\n* Git\n* Python 2.7 or greater\n\n### Installing With Node Version Manager (for OS X and Linux)\n\nWe recommend installing with NVM, see [https://github.com/creationix/nvm](https://github.com/creationix/nvm): it allows you to run multiple versions of node and does not require sudo at any point.\n\n    $ curl https://raw.github.com/creationix/nvm/master/install.sh | sh\n\nNote that by default NVM adds initialization lines to `.bash_profile`, so you need to make sure these lines are loaded.\n\nTo install node.js 0.10.x with nvm and set it as default:\n\n    $ nvm install 0.10\n    $ nvm use 0.10\n    $ nvm alias default 0.10\n\nNow install Steroids globally with the `-g` flag:\n\n    $ npm install steroids -g\n\nNote that some third-party npm packages might give warnings during the install project. These warnings shouldn\'t affect how the Steroids npm functions.\n\n## Usage\n\n    $ steroids create directory_name\n    $ cd directory_name\n    $ steroids connect\n\nMore usage information is available via\n\n    $ steroids usage\n\n\n## Documentation\n\n[Steroids Developer Portal](http://developers.appgyver.com)\n\n## Forums\n\n[http://forums.appgyver.com](http://forums.appgyver.com)\n\n## Bugs, feedback\n\nWe want to get your feedback! Drop us a mail at contact@appgyver.com\n\n## Testing npm\n\nTo run all unit tests:\n\n    $ npm test\n\nTo run unit tests without time-consuming Generator tests:\n\n    $ ./bin/test fast\n\nTo create a test app with all examples generated by `$ steroids generate` commands:\n\n    $ test/generate.sh\n\n## Contributing\n\nWe gladly accept pull requests! However, include only one feature or fix per one pull request.\nThat way, it will be much easier to review and merge each one contribution.\n\nTo develop Steroids-npm locally:\n\n* Clone this repo and install its dependencies (`npm install`).\n* Create a symlink from `/usr/local/bin/devroids` to your development Steroids executable.\n* Use `devroids` as you would use `steroids`.\n',
35 silly resolved     readmeFilename: 'README.md',
35 silly resolved     bugs: { url: 'https://github.com/AppGyver/steroids/issues' },
35 silly resolved     _id: 'steroids@2.7.38',
35 silly resolved     _from: 'steroids@' } ]
36 info install steroids@2.7.38 into /Users/ywarezk/.npm-packages/lib
37 info installOne steroids@2.7.38
38 info /Users/ywarezk/.npm-packages/lib/node_modules/steroids unbuild
39 info preuninstall steroids@2.7.38
40 info uninstall steroids@2.7.38
41 verbose true,/Users/ywarezk/.npm-packages/lib/node_modules,/Users/ywarezk/.npm-packages/lib/node_modules unbuild steroids@2.7.38
42 verbose /Users/ywarezk/.npm-packages/bin,[object Object] binRoot
43 info postuninstall steroids@2.7.38
44 info /Users/ywarezk/.npm-packages/lib/node_modules/steroids unbuild
45 info preuninstall steroids@2.7.38
46 info uninstall steroids@2.7.38
47 verbose true,/Users/ywarezk/.npm-packages/lib/node_modules,/Users/ywarezk/.npm-packages/lib/node_modules unbuild steroids@2.7.38
48 verbose /Users/ywarezk/.npm-packages/bin,[object Object] binRoot
49 info postuninstall steroids@2.7.38
50 error error rolling back Error: EACCES, unlink '/Users/ywarezk/.npm-packages/lib/node_modules/steroids/.npmignore'
50 error error rolling back  steroids@2.7.38 { [Error: EACCES, unlink '/Users/ywarezk/.npm-packages/lib/node_modules/steroids/.npmignore']
50 error error rolling back   errno: 3,
50 error error rolling back   code: 'EACCES',
50 error error rolling back   path: '/Users/ywarezk/.npm-packages/lib/node_modules/steroids/.npmignore' }
51 error Error: EACCES, unlink '/Users/ywarezk/.npm-packages/lib/node_modules/steroids/.npmignore'
51 error  { [Error: EACCES, unlink '/Users/ywarezk/.npm-packages/lib/node_modules/steroids/.npmignore']
51 error   errno: 3,
51 error   code: 'EACCES',
51 error   path: '/Users/ywarezk/.npm-packages/lib/node_modules/steroids/.npmignore' }
52 error Please try running this command again as root/Administrator.
53 error System Darwin 11.4.2
54 error command "/usr/local/bin/node" "/usr/local/bin/npm" "install" "steroids" "-g"
55 error cwd /Users/ywarezk/Documents/workspace/ticketz-backend
56 error node -v v0.10.21
57 error npm -v 1.3.11
58 error path /Users/ywarezk/.npm-packages/lib/node_modules/steroids/.npmignore
59 error code EACCES
60 error errno 3
61 error stack Error: EACCES, unlink '/Users/ywarezk/.npm-packages/lib/node_modules/steroids/.npmignore'
62 verbose exit [ 3, true ]
